# JRE version: OpenJDK Runtime Environment (8.0_242-b01) (build 1.8.0_242-release-1644-b01)
# Java VM: OpenJDK 64-Bit Server VM (25.242-b01 mixed mode windows-amd64 compressed oops)
Heap:
 PSYoungGen      total 190976K, used 171299K [0x00000000d5580000, 0x00000000e2280000, 0x0000000100000000)
  eden space 179200K, 89% used [0x00000000d5580000,0x00000000df1b9600,0x00000000e0480000)
  from space 11776K, 96% used [0x00000000e1700000,0x00000000e220f840,0x00000000e2280000)
  to   space 13824K, 0% used [0x00000000e0780000,0x00000000e0780000,0x00000000e1500000)
 ParOldGen       total 69632K, used 17481K [0x0000000080000000, 0x0000000084400000, 0x00000000d5580000)
  object space 69632K, 25% used [0x0000000080000000,0x00000000811126d8,0x0000000084400000)
 Metaspace       used 54636K, capacity 56862K, committed 57128K, reserved 1097728K
  class space    used 7427K, capacity 7910K, committed 7984K, reserved 1048576K
GC Heap History (10 events):
Event: 3.000 GC heap before
{Heap before GC invocations=8 (full 1):
 PSYoungGen      total 76800K, used 3856K [0x00000000d5580000, 0x00000000dea80000, 0x0000000100000000)
  eden space 65536K, 0% used [0x00000000d5580000,0x00000000d5580000,0x00000000d9580000)
  from space 11264K, 34% used [0x00000000d9580000,0x00000000d9944040,0x00000000da080000)
  to   space 10752K, 0% used [0x00000000de000000,0x00000000de000000,0x00000000dea80000)
 ParOldGen       total 87552K, used 8828K [0x0000000080000000, 0x0000000085580000, 0x00000000d5580000)
  object space 87552K, 10% used [0x0000000080000000,0x000000008089f380,0x0000000085580000)
 Metaspace       used 20589K, capacity 21224K, committed 21296K, reserved 1067008K
  class space    used 2873K, capacity 3076K, committed 3120K, reserved 1048576K
Event: 3.026 GC heap after
Heap after GC invocations=8 (full 1):
 PSYoungGen      total 76800K, used 0K [0x00000000d5580000, 0x00000000dea80000, 0x0000000100000000)
  eden space 65536K, 0% used [0x00000000d5580000,0x00000000d5580000,0x00000000d9580000)
  from space 11264K, 0% used [0x00000000d9580000,0x00000000d9580000,0x00000000da080000)
  to   space 10752K, 0% used [0x00000000de000000,0x00000000de000000,0x00000000dea80000)
 ParOldGen       total 47616K, used 6675K [0x0000000080000000, 0x0000000082e80000, 0x00000000d5580000)
  object space 47616K, 14% used [0x0000000080000000,0x0000000080684d88,0x0000000082e80000)
 Metaspace       used 20589K, capacity 21224K, committed 21296K, reserved 1067008K
  class space    used 2873K, capacity 3076K, committed 3120K, reserved 1048576K
}
Event: 3.789 GC heap before
{Heap before GC invocations=9 (full 1):
 PSYoungGen      total 76800K, used 65536K [0x00000000d5580000, 0x00000000dea80000, 0x0000000100000000)
  eden space 65536K, 100% used [0x00000000d5580000,0x00000000d9580000,0x00000000d9580000)
  from space 11264K, 0% used [0x00000000d9580000,0x00000000d9580000,0x00000000da080000)
  to   space 10752K, 0% used [0x00000000de000000,0x00000000de000000,0x00000000dea80000)
 ParOldGen       total 47616K, used 6675K [0x0000000080000000, 0x0000000082e80000, 0x00000000d5580000)
  object space 47616K, 14% used [0x0000000080000000,0x0000000080684d88,0x0000000082e80000)
 Metaspace       used 28770K, capacity 29606K, committed 29872K, reserved 1075200K
  class space    used 3976K, capacity 4221K, committed 4272K, reserved 1048576K
Event: 3.796 GC heap after
Heap after GC invocations=9 (full 1):
 PSYoungGen      total 131584K, used 8476K [0x00000000d5580000, 0x00000000de880000, 0x0000000100000000)
  eden space 122880K, 0% used [0x00000000d5580000,0x00000000d5580000,0x00000000dcd80000)
  from space 8704K, 97% used [0x00000000de000000,0x00000000de8471e8,0x00000000de880000)
  to   space 11264K, 0% used [0x00000000dd280000,0x00000000dd280000,0x00000000ddd80000)
 ParOldGen       total 47616K, used 6683K [0x0000000080000000, 0x0000000082e80000, 0x00000000d5580000)
  object space 47616K, 14% used [0x0000000080000000,0x0000000080686d88,0x0000000082e80000)
 Metaspace       used 28770K, capacity 29606K, committed 29872K, reserved 1075200K
  class space    used 3976K, capacity 4221K, committed 4272K, reserved 1048576K
}
Event: 4.433 GC heap before
{Heap before GC invocations=10 (full 1):
 PSYoungGen      total 131584K, used 105789K [0x00000000d5580000, 0x00000000de880000, 0x0000000100000000)
  eden space 122880K, 79% used [0x00000000d5580000,0x00000000db488220,0x00000000dcd80000)
  from space 8704K, 97% used [0x00000000de000000,0x00000000de8471e8,0x00000000de880000)
  to   space 11264K, 0% used [0x00000000dd280000,0x00000000dd280000,0x00000000ddd80000)
 ParOldGen       total 47616K, used 6683K [0x0000000080000000, 0x0000000082e80000, 0x00000000d5580000)
  object space 47616K, 14% used [0x0000000080000000,0x0000000080686d88,0x0000000082e80000)
 Metaspace       used 34259K, capacity 35444K, committed 35496K, reserved 1079296K
  class space    used 4703K, capacity 5033K, committed 5040K, reserved 1048576K
Event: 4.442 GC heap after
Heap after GC invocations=10 (full 1):
 PSYoungGen      total 139264K, used 11226K [0x00000000d5580000, 0x00000000e2380000, 0x0000000100000000)
  eden space 128000K, 0% used [0x00000000d5580000,0x00000000d5580000,0x00000000dd280000)
  from space 11264K, 99% used [0x00000000dd280000,0x00000000ddd76ba0,0x00000000ddd80000)
  to   space 12800K, 0% used [0x00000000e1700000,0x00000000e1700000,0x00000000e2380000)
 ParOldGen       total 47616K, used 6691K [0x0000000080000000, 0x0000000082e80000, 0x00000000d5580000)
  object space 47616K, 14% used [0x0000000080000000,0x0000000080688d88,0x0000000082e80000)
 Metaspace       used 34259K, capacity 35444K, committed 35496K, reserved 1079296K
  class space    used 4703K, capacity 5033K, committed 5040K, reserved 1048576K
}
Event: 4.442 GC heap before
{Heap before GC invocations=11 (full 2):
 PSYoungGen      total 139264K, used 11226K [0x00000000d5580000, 0x00000000e2380000, 0x0000000100000000)
  eden space 128000K, 0% used [0x00000000d5580000,0x00000000d5580000,0x00000000dd280000)
  from space 11264K, 99% used [0x00000000dd280000,0x00000000ddd76ba0,0x00000000ddd80000)
  to   space 12800K, 0% used [0x00000000e1700000,0x00000000e1700000,0x00000000e2380000)
 ParOldGen       total 47616K, used 6691K [0x0000000080000000, 0x0000000082e80000, 0x00000000d5580000)
  object space 47616K, 14% used [0x0000000080000000,0x0000000080688d88,0x0000000082e80000)
 Metaspace       used 34259K, capacity 35444K, committed 35496K, reserved 1079296K
  class space    used 4703K, capacity 5033K, committed 5040K, reserved 1048576K
Event: 4.485 GC heap after
Heap after GC invocations=11 (full 2):
 PSYoungGen      total 139264K, used 0K [0x00000000d5580000, 0x00000000e2380000, 0x0000000100000000)
  eden space 128000K, 0% used [0x00000000d5580000,0x00000000d5580000,0x00000000dd280000)
  from space 11264K, 0% used [0x00000000dd280000,0x00000000dd280000,0x00000000ddd80000)
  to   space 12800K, 0% used [0x00000000e1700000,0x00000000e1700000,0x00000000e2380000)
 ParOldGen       total 69632K, used 17473K [0x0000000080000000, 0x0000000084400000, 0x00000000d5580000)
  object space 69632K, 25% used [0x0000000080000000,0x00000000811106d8,0x0000000084400000)
 Metaspace       used 34259K, capacity 35444K, committed 35496K, reserved 1079296K
  class space    used 4703K, capacity 5033K, committed 5040K, reserved 1048576K
}
Event: 5.787 GC heap before
{Heap before GC invocations=12 (full 2):
 PSYoungGen      total 139264K, used 128000K [0x00000000d5580000, 0x00000000e2380000, 0x0000000100000000)
  eden space 128000K, 100% used [0x00000000d5580000,0x00000000dd280000,0x00000000dd280000)
  from space 11264K, 0% used [0x00000000dd280000,0x00000000dd280000,0x00000000ddd80000)
  to   space 12800K, 0% used [0x00000000e1700000,0x00000000e1700000,0x00000000e2380000)
 ParOldGen       total 69632K, used 17473K [0x0000000080000000, 0x0000000084400000, 0x00000000d5580000)
  object space 69632K, 25% used [0x0000000080000000,0x00000000811106d8,0x0000000084400000)
 Metaspace       used 40101K, capacity 41876K, committed 42152K, reserved 1085440K
  class space    used 5514K, capacity 5942K, committed 6064K, reserved 1048576K
Event: 5.802 GC heap after
Heap after GC invocations=12 (full 2):
 PSYoungGen      total 190976K, used 11326K [0x00000000d5580000, 0x00000000e2280000, 0x0000000100000000)
  eden space 179200K, 0% used [0x00000000d5580000,0x00000000d5580000,0x00000000e0480000)
  from space 11776K, 96% used [0x00000000e1700000,0x00000000e220f840,0x00000000e2280000)
  to   space 13824K, 0% used [0x00000000e0780000,0x00000000e0780000,0x00000000e1500000)
 ParOldGen       total 69632K, used 17481K [0x0000000080000000, 0x0000000084400000, 0x00000000d5580000)
  object space 69632K, 25% used [0x0000000080000000,0x00000000811126d8,0x0000000084400000)
 Metaspace       used 40101K, capacity 41876K, committed 42152K, reserved 1085440K
  class space    used 5514K, capacity 5942K, committed 6064K, reserved 1048576K
}

